<?xml version="1.0" encoding="UTF-8"?>
<testsuite name="com.example.demo.DemoApplicationTests" tests="7" skipped="0" failures="0" errors="0" timestamp="2026-07-07T17:20:51.854Z" hostname="GUDBOYVH" time="7.029">
  <properties/>
  <testcase name="testEnrollmentCrud()" classname="com.example.demo.DemoApplicationTests" time="0.913"/>
  <testcase name="testEnrollCourseBusinessLogic()" classname="com.example.demo.DemoApplicationTests" time="0.149"/>
  <testcase name="testInstructorDetailsBusinessQuery()" classname="com.example.demo.DemoApplicationTests" time="0.168"/>
  <testcase name="testStudentEnrollmentBusinessWorkflow()" classname="com.example.demo.DemoApplicationTests" time="0.145"/>
  <testcase name="testInstructorCrud()" classname="com.example.demo.DemoApplicationTests" time="0.115"/>
  <testcase name="contextLoads()" classname="com.example.demo.DemoApplicationTests" time="0.053"/>
  <testcase name="testCourseCrud()" classname="com.example.demo.DemoApplicationTests" time="0.071"/>
  <system-out><![CDATA[00:20:52.036 [Test worker] INFO org.springframework.test.context.support.AnnotationConfigContextLoaderUtils -- Could not detect default configuration classes for test class [com.example.demo.DemoApplicationTests]: DemoApplicationTests does not declare any static, non-private, non-final, nested classes annotated with @Configuration.
00:20:52.142 [Test worker] INFO org.springframework.boot.test.context.SpringBootTestContextBootstrapper -- Found @SpringBootConfiguration com.example.demo.DemoApplication for test class com.example.demo.DemoApplicationTests
00:20:52.232 [Test worker] INFO org.springframework.test.context.support.AnnotationConfigContextLoaderUtils -- Could not detect default configuration classes for test class [com.example.demo.DemoApplicationTests]: DemoApplicationTests does not declare any static, non-private, non-final, nested classes annotated with @Configuration.
00:20:52.234 [Test worker] INFO org.springframework.boot.test.context.SpringBootTestContextBootstrapper -- Found @SpringBootConfiguration com.example.demo.DemoApplication for test class com.example.demo.DemoApplicationTests

  .   ____          _            __ _ _
 /\\ / ___'_ __ _ _(_)_ __  __ _ \ \ \ \
( ( )\___ | '_ | '_| | '_ \/ _` | \ \ \ \
 \\/  ___)| |_)| | | | | || (_| |  ) ) ) )
  '  |____| .__|_| |_|_| |_\__, | / / / /
 =========|_|==============|___/=/_/_/_/

 :: Spring Boot ::                (v4.1.0)

2026-07-08T00:20:52.556+07:00  INFO 30220 --- [demo] [    Test worker] com.example.demo.DemoApplicationTests    : Starting DemoApplicationTests using Java 21.0.8 with PID 30220 (started by vanan in C:\Users\vanan\Downloads\Bai1\demo)
2026-07-08T00:20:52.558+07:00  INFO 30220 --- [demo] [    Test worker] com.example.demo.DemoApplicationTests    : No active profile set, falling back to 1 default profile: "default"
2026-07-08T00:20:53.112+07:00  INFO 30220 --- [demo] [    Test worker] .s.d.r.c.RepositoryConfigurationDelegate : Bootstrapping Spring Data JPA repositories in DEFAULT mode.
2026-07-08T00:20:53.175+07:00  INFO 30220 --- [demo] [    Test worker] .s.d.r.c.RepositoryConfigurationDelegate : Finished Spring Data repository scanning in 52 ms. Found 4 JPA repository interfaces.
2026-07-08T00:20:53.567+07:00  INFO 30220 --- [demo] [    Test worker] org.hibernate.orm.jpa                    : HHH008540: Processing PersistenceUnitInfo [name: default]
2026-07-08T00:20:53.633+07:00  INFO 30220 --- [demo] [    Test worker] org.hibernate.orm.core                   : HHH000001: Hibernate ORM core version 7.4.1.Final
2026-07-08T00:20:54.168+07:00  INFO 30220 --- [demo] [    Test worker] o.s.o.j.p.SpringPersistenceUnitInfo      : No LoadTimeWeaver setup: ignoring JPA class transformer
2026-07-08T00:20:54.206+07:00  INFO 30220 --- [demo] [    Test worker] com.zaxxer.hikari.HikariDataSource       : HikariPool-1 - Starting...
2026-07-08T00:20:54.494+07:00  INFO 30220 --- [demo] [    Test worker] com.zaxxer.hikari.pool.HikariPool        : HikariPool-1 - Added connection org.postgresql.jdbc.PgConnection@3df6494f
2026-07-08T00:20:54.497+07:00  INFO 30220 --- [demo] [    Test worker] com.zaxxer.hikari.HikariDataSource       : HikariPool-1 - Start completed.
2026-07-08T00:20:54.596+07:00  INFO 30220 --- [demo] [    Test worker] org.hibernate.orm.connections.pooling    : HHH10001005: Database info:
	Database JDBC URL [jdbc:postgresql://localhost:5432/course_management_db]
	Database driver: PostgreSQL JDBC Driver
	Database dialect: PostgreSQLDialect
	Database version: 18.3
	Default catalog/schema: course_management_db/public
	Autocommit mode: undefined/unknown
	Isolation level: READ_COMMITTED [default READ_COMMITTED]
	JDBC fetch size: none
	Pool: DataSourceConnectionProvider
	Minimum pool size: undefined/unknown
	Maximum pool size: undefined/unknown
2026-07-08T00:20:55.624+07:00  INFO 30220 --- [demo] [    Test worker] org.hibernate.orm.core                   : HHH000489: No JTA platform available (set 'hibernate.transaction.jta.platform' to enable JTA platform integration)
2026-07-08T00:20:55.701+07:00  INFO 30220 --- [demo] [    Test worker] j.LocalContainerEntityManagerFactoryBean : Initialized JPA EntityManagerFactory for persistence unit 'default'
2026-07-08T00:20:55.790+07:00  INFO 30220 --- [demo] [    Test worker] o.s.d.j.r.query.QueryEnhancerFactories   : Hibernate is in classpath; If applicable, HQL parser will be used.
2026-07-08T00:20:56.196+07:00  WARN 30220 --- [demo] [    Test worker] JpaBaseConfiguration$JpaWebConfiguration : spring.jpa.open-in-view is enabled by default. Therefore, database queries may be performed during view rendering. Explicitly configure spring.jpa.open-in-view to disable this warning
2026-07-08T00:20:56.785+07:00  INFO 30220 --- [demo] [    Test worker] com.example.demo.DemoApplicationTests    : Started DemoApplicationTests in 4.492 seconds (process running for 5.818)
Hibernate: 
    select
        count(*) 
    from
        instructors i1_0
Hibernate: 
    select
        se1_0.id,
        se1_0.course_id,
        se1_0.student_id 
    from
        student_enrollments se1_0
Hibernate: 
    select
        c1_0.id,
        c1_0.instructor_id,
        i1_0.id,
        i1_0.email,
        i1_0.name,
        c1_0.status,
        c1_0.title 
    from
        courses c1_0 
    join
        instructors i1_0 
            on i1_0.id=c1_0.instructor_id 
    where
        c1_0.id=?
Hibernate: 
    select
        s1_0.id,
        s1_0.email,
        s1_0.name 
    from
        students s1_0 
    where
        s1_0.id=?
Hibernate: 
    select
        c1_0.id,
        c1_0.instructor_id,
        i1_0.id,
        i1_0.email,
        i1_0.name,
        c1_0.status,
        c1_0.title 
    from
        courses c1_0 
    join
        instructors i1_0 
            on i1_0.id=c1_0.instructor_id 
    where
        c1_0.id=?
Hibernate: 
    select
        s1_0.id,
        s1_0.email,
        s1_0.name 
    from
        students s1_0 
    where
        s1_0.id=?
Hibernate: 
    delete 
    from
        student_enrollments 
    where
        id=?
Hibernate: 
    delete 
    from
        student_enrollments 
    where
        id=?
Hibernate: 
    select
        c1_0.id,
        c1_0.instructor_id,
        c1_0.status,
        c1_0.title 
    from
        courses c1_0
Hibernate: 
    select
        i1_0.id,
        i1_0.email,
        i1_0.name 
    from
        instructors i1_0 
    where
        i1_0.id=?
Hibernate: 
    select
        i1_0.id,
        i1_0.email,
        i1_0.name 
    from
        instructors i1_0 
    where
        i1_0.id=?
Hibernate: 
    select
        e1_0.course_id,
        e1_0.id,
        e1_0.student_id,
        s1_0.id,
        s1_0.email,
        s1_0.name 
    from
        student_enrollments e1_0 
    left join
        students s1_0 
            on s1_0.id=e1_0.student_id 
    where
        e1_0.course_id=?
Hibernate: 
    select
        e1_0.course_id,
        e1_0.id,
        e1_0.student_id,
        s1_0.id,
        s1_0.email,
        s1_0.name 
    from
        student_enrollments e1_0 
    left join
        students s1_0 
            on s1_0.id=e1_0.student_id 
    where
        e1_0.course_id=?
Hibernate: 
    select
        e1_0.course_id,
        e1_0.id,
        e1_0.student_id,
        s1_0.id,
        s1_0.email,
        s1_0.name 
    from
        student_enrollments e1_0 
    left join
        students s1_0 
            on s1_0.id=e1_0.student_id 
    where
        e1_0.course_id=?
Hibernate: 
    delete 
    from
        courses 
    where
        id=?
Hibernate: 
    delete 
    from
        courses 
    where
        id=?
Hibernate: 
    delete 
    from
        courses 
    where
        id=?
Hibernate: 
    select
        s1_0.id,
        s1_0.email,
        s1_0.name 
    from
        students s1_0
Hibernate: 
    select
        e1_0.student_id,
        e1_0.id,
        e1_0.course_id,
        c1_0.id,
        c1_0.instructor_id,
        i1_0.id,
        i1_0.email,
        i1_0.name,
        c1_0.status,
        c1_0.title 
    from
        student_enrollments e1_0 
    left join
        courses c1_0 
            on c1_0.id=e1_0.course_id 
    left join
        instructors i1_0 
            on i1_0.id=c1_0.instructor_id 
    where
        e1_0.student_id=?
Hibernate: 
    select
        e1_0.student_id,
        e1_0.id,
        e1_0.course_id,
        c1_0.id,
        c1_0.instructor_id,
        i1_0.id,
        i1_0.email,
        i1_0.name,
        c1_0.status,
        c1_0.title 
    from
        student_enrollments e1_0 
    left join
        courses c1_0 
            on c1_0.id=e1_0.course_id 
    left join
        instructors i1_0 
            on i1_0.id=c1_0.instructor_id 
    where
        e1_0.student_id=?
Hibernate: 
    delete 
    from
        students 
    where
        id=?
Hibernate: 
    delete 
    from
        students 
    where
        id=?
Hibernate: 
    select
        i1_0.id,
        i1_0.email,
        i1_0.name 
    from
        instructors i1_0
Hibernate: 
    select
        c1_0.instructor_id,
        c1_0.id,
        c1_0.status,
        c1_0.title 
    from
        courses c1_0 
    where
        c1_0.instructor_id=?
Hibernate: 
    select
        c1_0.instructor_id,
        c1_0.id,
        c1_0.status,
        c1_0.title 
    from
        courses c1_0 
    where
        c1_0.instructor_id=?
Hibernate: 
    delete 
    from
        instructors 
    where
        id=?
Hibernate: 
    delete 
    from
        instructors 
    where
        id=?
Hibernate: 
    insert 
    into
        instructors
        (email, name) 
    values
        (?, ?)
Hibernate: 
    insert 
    into
        instructors
        (email, name) 
    values
        (?, ?)
Hibernate: 
    insert 
    into
        students
        (email, name) 
    values
        (?, ?)
Hibernate: 
    insert 
    into
        students
        (email, name) 
    values
        (?, ?)
Hibernate: 
    insert 
    into
        courses
        (instructor_id, status, title) 
    values
        (?, ?, ?)
Hibernate: 
    insert 
    into
        courses
        (instructor_id, status, title) 
    values
        (?, ?, ?)
Hibernate: 
    insert 
    into
        student_enrollments
        (course_id, student_id) 
    values
        (?, ?)
Hibernate: 
    insert 
    into
        student_enrollments
        (course_id, student_id) 
    values
        (?, ?)
2026-07-08T00:20:57.743+07:00  INFO 30220 --- [demo] [    Test worker] o.s.mock.web.MockServletContext          : Initializing Spring TestDispatcherServlet ''
2026-07-08T00:20:57.744+07:00  INFO 30220 --- [demo] [    Test worker] o.s.t.web.servlet.TestDispatcherServlet  : Initializing Servlet ''
2026-07-08T00:20:57.747+07:00  INFO 30220 --- [demo] [    Test worker] o.s.t.web.servlet.TestDispatcherServlet  : Completed initialization in 0 ms
2026-07-08T00:20:57.753+07:00  INFO 30220 --- [demo] [    Test worker] o.s.mock.web.MockServletContext          : Initializing Spring TestDispatcherServlet ''
2026-07-08T00:20:57.755+07:00  INFO 30220 --- [demo] [    Test worker] o.s.t.web.servlet.TestDispatcherServlet  : Initializing Servlet ''
2026-07-08T00:20:57.755+07:00  INFO 30220 --- [demo] [    Test worker] o.s.t.web.servlet.TestDispatcherServlet  : Completed initialization in 0 ms
2026-07-08T00:20:57.760+07:00  INFO 30220 --- [demo] [    Test worker] o.s.mock.web.MockServletContext          : Initializing Spring TestDispatcherServlet ''
2026-07-08T00:20:57.761+07:00  INFO 30220 --- [demo] [    Test worker] o.s.t.web.servlet.TestDispatcherServlet  : Initializing Servlet ''
2026-07-08T00:20:57.761+07:00  INFO 30220 --- [demo] [    Test worker] o.s.t.web.servlet.TestDispatcherServlet  : Completed initialization in 0 ms
2026-07-08T00:20:57.764+07:00  INFO 30220 --- [demo] [    Test worker] o.s.mock.web.MockServletContext          : Initializing Spring TestDispatcherServlet ''
2026-07-08T00:20:57.764+07:00  INFO 30220 --- [demo] [    Test worker] o.s.t.web.servlet.TestDispatcherServlet  : Initializing Servlet ''
2026-07-08T00:20:57.764+07:00  INFO 30220 --- [demo] [    Test worker] o.s.t.web.servlet.TestDispatcherServlet  : Completed initialization in 0 ms
2026-07-08T00:20:57.767+07:00  INFO 30220 --- [demo] [    Test worker] o.s.mock.web.MockServletContext          : Initializing Spring TestDispatcherServlet ''
2026-07-08T00:20:57.769+07:00  INFO 30220 --- [demo] [    Test worker] o.s.t.web.servlet.TestDispatcherServlet  : Initializing Servlet ''
2026-07-08T00:20:57.769+07:00  INFO 30220 --- [demo] [    Test worker] o.s.t.web.servlet.TestDispatcherServlet  : Completed initialization in 0 ms
Hibernate: 
    select
        se1_0.id,
        se1_0.course_id,
        se1_0.student_id 
    from
        student_enrollments se1_0
Hibernate: 
    select
        c1_0.id,
        c1_0.instructor_id,
        i1_0.id,
        i1_0.email,
        i1_0.name,
        c1_0.status,
        c1_0.title 
    from
        courses c1_0 
    join
        instructors i1_0 
            on i1_0.id=c1_0.instructor_id 
    where
        c1_0.id=?
Hibernate: 
    select
        s1_0.id,
        s1_0.email,
        s1_0.name 
    from
        students s1_0 
    where
        s1_0.id=?
Hibernate: 
    select
        c1_0.id,
        c1_0.instructor_id,
        i1_0.id,
        i1_0.email,
        i1_0.name,
        c1_0.status,
        c1_0.title 
    from
        courses c1_0 
    join
        instructors i1_0 
            on i1_0.id=c1_0.instructor_id 
    where
        c1_0.id=?
Hibernate: 
    select
        s1_0.id,
        s1_0.email,
        s1_0.name 
    from
        students s1_0 
    where
        s1_0.id=?
Hibernate: 
    select
        se1_0.id,
        se1_0.course_id,
        se1_0.student_id 
    from
        student_enrollments se1_0
Hibernate: 
    select
        c1_0.id,
        c1_0.instructor_id,
        i1_0.id,
        i1_0.email,
        i1_0.name,
        c1_0.status,
        c1_0.title 
    from
        courses c1_0 
    join
        instructors i1_0 
            on i1_0.id=c1_0.instructor_id 
    where
        c1_0.id=?
Hibernate: 
    select
        s1_0.id,
        s1_0.email,
        s1_0.name 
    from
        students s1_0 
    where
        s1_0.id=?
Hibernate: 
    select
        c1_0.id,
        c1_0.instructor_id,
        i1_0.id,
        i1_0.email,
        i1_0.name,
        c1_0.status,
        c1_0.title 
    from
        courses c1_0 
    join
        instructors i1_0 
            on i1_0.id=c1_0.instructor_id 
    where
        c1_0.id=?
Hibernate: 
    select
        s1_0.id,
        s1_0.email,
        s1_0.name 
    from
        students s1_0 
    where
        s1_0.id=?
Hibernate: 
    select
        se1_0.id,
        se1_0.course_id,
        c1_0.id,
        c1_0.instructor_id,
        i1_0.id,
        i1_0.email,
        i1_0.name,
        c1_0.status,
        c1_0.title,
        se1_0.student_id,
        s1_0.id,
        s1_0.email,
        s1_0.name 
    from
        student_enrollments se1_0 
    join
        courses c1_0 
            on c1_0.id=se1_0.course_id 
    join
        instructors i1_0 
            on i1_0.id=c1_0.instructor_id 
    join
        students s1_0 
            on s1_0.id=se1_0.student_id 
    where
        se1_0.id=?
Hibernate: 
    select
        s1_0.id,
        s1_0.email,
        s1_0.name 
    from
        students s1_0 
    where
        s1_0.name=?
Hibernate: 
    insert 
    into
        students
        (email, name) 
    values
        (?, ?)
Hibernate: 
    select
        c1_0.id,
        c1_0.instructor_id,
        i1_0.id,
        i1_0.email,
        i1_0.name,
        c1_0.status,
        c1_0.title 
    from
        courses c1_0 
    join
        instructors i1_0 
            on i1_0.id=c1_0.instructor_id 
    where
        c1_0.id=?
Hibernate: 
    insert 
    into
        student_enrollments
        (course_id, student_id) 
    values
        (?, ?)
Hibernate: 
    select
        se1_0.id,
        se1_0.course_id,
        se1_0.student_id 
    from
        student_enrollments se1_0
Hibernate: 
    select
        c1_0.id,
        c1_0.instructor_id,
        i1_0.id,
        i1_0.email,
        i1_0.name,
        c1_0.status,
        c1_0.title 
    from
        courses c1_0 
    join
        instructors i1_0 
            on i1_0.id=c1_0.instructor_id 
    where
        c1_0.id=?
Hibernate: 
    select
        s1_0.id,
        s1_0.email,
        s1_0.name 
    from
        students s1_0 
    where
        s1_0.id=?
Hibernate: 
    select
        c1_0.id,
        c1_0.instructor_id,
        i1_0.id,
        i1_0.email,
        i1_0.name,
        c1_0.status,
        c1_0.title 
    from
        courses c1_0 
    join
        instructors i1_0 
            on i1_0.id=c1_0.instructor_id 
    where
        c1_0.id=?
Hibernate: 
    select
        s1_0.id,
        s1_0.email,
        s1_0.name 
    from
        students s1_0 
    where
        s1_0.id=?
Hibernate: 
    select
        s1_0.id,
        s1_0.email,
        s1_0.name 
    from
        students s1_0 
    where
        s1_0.id=?
Hibernate: 
    delete 
    from
        student_enrollments 
    where
        id=?
Hibernate: 
    delete 
    from
        student_enrollments 
    where
        id=?
Hibernate: 
    delete 
    from
        student_enrollments 
    where
        id=?
Hibernate: 
    select
        c1_0.id,
        c1_0.instructor_id,
        c1_0.status,
        c1_0.title 
    from
        courses c1_0
Hibernate: 
    select
        i1_0.id,
        i1_0.email,
        i1_0.name 
    from
        instructors i1_0 
    where
        i1_0.id=?
Hibernate: 
    select
        i1_0.id,
        i1_0.email,
        i1_0.name 
    from
        instructors i1_0 
    where
        i1_0.id=?
Hibernate: 
    select
        e1_0.course_id,
        e1_0.id,
        e1_0.student_id,
        s1_0.id,
        s1_0.email,
        s1_0.name 
    from
        student_enrollments e1_0 
    left join
        students s1_0 
            on s1_0.id=e1_0.student_id 
    where
        e1_0.course_id=?
Hibernate: 
    select
        e1_0.course_id,
        e1_0.id,
        e1_0.student_id,
        s1_0.id,
        s1_0.email,
        s1_0.name 
    from
        student_enrollments e1_0 
    left join
        students s1_0 
            on s1_0.id=e1_0.student_id 
    where
        e1_0.course_id=?
Hibernate: 
    delete 
    from
        courses 
    where
        id=?
Hibernate: 
    delete 
    from
        courses 
    where
        id=?
Hibernate: 
    select
        s1_0.id,
        s1_0.email,
        s1_0.name 
    from
        students s1_0
Hibernate: 
    select
        e1_0.student_id,
        e1_0.id,
        e1_0.course_id,
        c1_0.id,
        c1_0.instructor_id,
        i1_0.id,
        i1_0.email,
        i1_0.name,
        c1_0.status,
        c1_0.title 
    from
        student_enrollments e1_0 
    left join
        courses c1_0 
            on c1_0.id=e1_0.course_id 
    left join
        instructors i1_0 
            on i1_0.id=c1_0.instructor_id 
    where
        e1_0.student_id=?
Hibernate: 
    select
        e1_0.student_id,
        e1_0.id,
        e1_0.course_id,
        c1_0.id,
        c1_0.instructor_id,
        i1_0.id,
        i1_0.email,
        i1_0.name,
        c1_0.status,
        c1_0.title 
    from
        student_enrollments e1_0 
    left join
        courses c1_0 
            on c1_0.id=e1_0.course_id 
    left join
        instructors i1_0 
            on i1_0.id=c1_0.instructor_id 
    where
        e1_0.student_id=?
Hibernate: 
    select
        e1_0.student_id,
        e1_0.id,
        e1_0.course_id,
        c1_0.id,
        c1_0.instructor_id,
        i1_0.id,
        i1_0.email,
        i1_0.name,
        c1_0.status,
        c1_0.title 
    from
        student_enrollments e1_0 
    left join
        courses c1_0 
            on c1_0.id=e1_0.course_id 
    left join
        instructors i1_0 
            on i1_0.id=c1_0.instructor_id 
    where
        e1_0.student_id=?
Hibernate: 
    delete 
    from
        students 
    where
        id=?
Hibernate: 
    delete 
    from
        students 
    where
        id=?
Hibernate: 
    delete 
    from
        students 
    where
        id=?
Hibernate: 
    select
        i1_0.id,
        i1_0.email,
        i1_0.name 
    from
        instructors i1_0
Hibernate: 
    select
        c1_0.instructor_id,
        c1_0.id,
        c1_0.status,
        c1_0.title 
    from
        courses c1_0 
    where
        c1_0.instructor_id=?
Hibernate: 
    select
        c1_0.instructor_id,
        c1_0.id,
        c1_0.status,
        c1_0.title 
    from
        courses c1_0 
    where
        c1_0.instructor_id=?
Hibernate: 
    delete 
    from
        instructors 
    where
        id=?
Hibernate: 
    delete 
    from
        instructors 
    where
        id=?
Hibernate: 
    insert 
    into
        instructors
        (email, name) 
    values
        (?, ?)
Hibernate: 
    insert 
    into
        instructors
        (email, name) 
    values
        (?, ?)
Hibernate: 
    insert 
    into
        students
        (email, name) 
    values
        (?, ?)
Hibernate: 
    insert 
    into
        students
        (email, name) 
    values
        (?, ?)
Hibernate: 
    insert 
    into
        courses
        (instructor_id, status, title) 
    values
        (?, ?, ?)
Hibernate: 
    insert 
    into
        courses
        (instructor_id, status, title) 
    values
        (?, ?, ?)
Hibernate: 
    insert 
    into
        student_enrollments
        (course_id, student_id) 
    values
        (?, ?)
Hibernate: 
    insert 
    into
        student_enrollments
        (course_id, student_id) 
    values
        (?, ?)
2026-07-08T00:20:58.241+07:00  INFO 30220 --- [demo] [    Test worker] o.s.mock.web.MockServletContext          : Initializing Spring TestDispatcherServlet ''
2026-07-08T00:20:58.241+07:00  INFO 30220 --- [demo] [    Test worker] o.s.t.web.servlet.TestDispatcherServlet  : Initializing Servlet ''
2026-07-08T00:20:58.241+07:00  INFO 30220 --- [demo] [    Test worker] o.s.t.web.servlet.TestDispatcherServlet  : Completed initialization in 0 ms
2026-07-08T00:20:58.246+07:00  INFO 30220 --- [demo] [    Test worker] o.s.mock.web.MockServletContext          : Initializing Spring TestDispatcherServlet ''
2026-07-08T00:20:58.246+07:00  INFO 30220 --- [demo] [    Test worker] o.s.t.web.servlet.TestDispatcherServlet  : Initializing Servlet ''
2026-07-08T00:20:58.246+07:00  INFO 30220 --- [demo] [    Test worker] o.s.t.web.servlet.TestDispatcherServlet  : Completed initialization in 0 ms
2026-07-08T00:20:58.251+07:00  INFO 30220 --- [demo] [    Test worker] o.s.mock.web.MockServletContext          : Initializing Spring TestDispatcherServlet ''
2026-07-08T00:20:58.251+07:00  INFO 30220 --- [demo] [    Test worker] o.s.t.web.servlet.TestDispatcherServlet  : Initializing Servlet ''
2026-07-08T00:20:58.251+07:00  INFO 30220 --- [demo] [    Test worker] o.s.t.web.servlet.TestDispatcherServlet  : Completed initialization in 0 ms
2026-07-08T00:20:58.255+07:00  INFO 30220 --- [demo] [    Test worker] o.s.mock.web.MockServletContext          : Initializing Spring TestDispatcherServlet ''
2026-07-08T00:20:58.255+07:00  INFO 30220 --- [demo] [    Test worker] o.s.t.web.servlet.TestDispatcherServlet  : Initializing Servlet ''
2026-07-08T00:20:58.256+07:00  INFO 30220 --- [demo] [    Test worker] o.s.t.web.servlet.TestDispatcherServlet  : Completed initialization in 0 ms
2026-07-08T00:20:58.259+07:00  INFO 30220 --- [demo] [    Test worker] o.s.mock.web.MockServletContext          : Initializing Spring TestDispatcherServlet ''
2026-07-08T00:20:58.259+07:00  INFO 30220 --- [demo] [    Test worker] o.s.t.web.servlet.TestDispatcherServlet  : Initializing Servlet ''
2026-07-08T00:20:58.259+07:00  INFO 30220 --- [demo] [    Test worker] o.s.t.web.servlet.TestDispatcherServlet  : Completed initialization in 0 ms
Hibernate: 
    select
        c1_0.id,
        c1_0.instructor_id,
        i1_0.id,
        i1_0.email,
        i1_0.name,
        c1_0.status,
        c1_0.title 
    from
        courses c1_0 
    join
        instructors i1_0 
            on i1_0.id=c1_0.instructor_id 
    where
        c1_0.id=?
Hibernate: 
    select
        i1_0.id,
        i1_0.email,
        i1_0.name 
    from
        instructors i1_0 
    where
        i1_0.id=?
Hibernate: 
    select
        s1_0.id,
        s1_0.email,
        s1_0.name 
    from
        students s1_0 
    where
        s1_0.name=?
Hibernate: 
    insert 
    into
        students
        (email, name) 
    values
        (?, ?)
Hibernate: 
    select
        c1_0.id,
        c1_0.instructor_id,
        i1_0.id,
        i1_0.email,
        i1_0.name,
        c1_0.status,
        c1_0.title 
    from
        courses c1_0 
    join
        instructors i1_0 
            on i1_0.id=c1_0.instructor_id 
    where
        c1_0.id=?
Hibernate: 
    select
        i1_0.id,
        i1_0.email,
        i1_0.name 
    from
        instructors i1_0 
    where
        i1_0.id=?
Hibernate: 
    select
        c1_0.id,
        c1_0.instructor_id,
        i1_0.id,
        i1_0.email,
        i1_0.name,
        c1_0.status,
        c1_0.title,
        e1_0.course_id,
        e1_0.id,
        e1_0.student_id,
        s1_0.id,
        s1_0.email,
        s1_0.name 
    from
        courses c1_0 
    join
        instructors i1_0 
            on i1_0.id=c1_0.instructor_id 
    left join
        student_enrollments e1_0 
            on c1_0.id=e1_0.course_id 
    left join
        students s1_0 
            on s1_0.id=e1_0.student_id 
    where
        c1_0.id=?
Hibernate: 
    update
        courses 
    set
        instructor_id=?,
        status=?,
        title=? 
    where
        id=?
Hibernate: 
    select
        c1_0.id,
        c1_0.instructor_id,
        i1_0.id,
        i1_0.email,
        i1_0.name,
        c1_0.status,
        c1_0.title 
    from
        courses c1_0 
    join
        instructors i1_0 
            on i1_0.id=c1_0.instructor_id 
    where
        c1_0.id=?
Hibernate: 
    select
        c1_0.id,
        c1_0.instructor_id,
        i1_0.id,
        i1_0.email,
        i1_0.name,
        c1_0.status,
        c1_0.title 
    from
        courses c1_0 
    join
        instructors i1_0 
            on i1_0.id=c1_0.instructor_id 
    where
        c1_0.id=?
Hibernate: 
    select
        se1_0.id,
        se1_0.course_id,
        se1_0.student_id 
    from
        student_enrollments se1_0
Hibernate: 
    select
        c1_0.id,
        c1_0.instructor_id,
        i1_0.id,
        i1_0.email,
        i1_0.name,
        c1_0.status,
        c1_0.title 
    from
        courses c1_0 
    join
        instructors i1_0 
            on i1_0.id=c1_0.instructor_id 
    where
        c1_0.id=?
Hibernate: 
    select
        s1_0.id,
        s1_0.email,
        s1_0.name 
    from
        students s1_0 
    where
        s1_0.id=?
Hibernate: 
    select
        c1_0.id,
        c1_0.instructor_id,
        i1_0.id,
        i1_0.email,
        i1_0.name,
        c1_0.status,
        c1_0.title 
    from
        courses c1_0 
    join
        instructors i1_0 
            on i1_0.id=c1_0.instructor_id 
    where
        c1_0.id=?
Hibernate: 
    select
        s1_0.id,
        s1_0.email,
        s1_0.name 
    from
        students s1_0 
    where
        s1_0.id=?
Hibernate: 
    select
        s1_0.id,
        s1_0.email,
        s1_0.name 
    from
        students s1_0 
    where
        s1_0.id=?
Hibernate: 
    delete 
    from
        student_enrollments 
    where
        id=?
Hibernate: 
    delete 
    from
        student_enrollments 
    where
        id=?
Hibernate: 
    delete 
    from
        student_enrollments 
    where
        id=?
Hibernate: 
    select
        c1_0.id,
        c1_0.instructor_id,
        c1_0.status,
        c1_0.title 
    from
        courses c1_0
Hibernate: 
    select
        i1_0.id,
        i1_0.email,
        i1_0.name 
    from
        instructors i1_0 
    where
        i1_0.id=?
Hibernate: 
    select
        i1_0.id,
        i1_0.email,
        i1_0.name 
    from
        instructors i1_0 
    where
        i1_0.id=?
Hibernate: 
    select
        e1_0.course_id,
        e1_0.id,
        e1_0.student_id,
        s1_0.id,
        s1_0.email,
        s1_0.name 
    from
        student_enrollments e1_0 
    left join
        students s1_0 
            on s1_0.id=e1_0.student_id 
    where
        e1_0.course_id=?
Hibernate: 
    select
        e1_0.course_id,
        e1_0.id,
        e1_0.student_id,
        s1_0.id,
        s1_0.email,
        s1_0.name 
    from
        student_enrollments e1_0 
    left join
        students s1_0 
            on s1_0.id=e1_0.student_id 
    where
        e1_0.course_id=?
Hibernate: 
    delete 
    from
        courses 
    where
        id=?
Hibernate: 
    delete 
    from
        courses 
    where
        id=?
Hibernate: 
    select
        s1_0.id,
        s1_0.email,
        s1_0.name 
    from
        students s1_0
Hibernate: 
    select
        e1_0.student_id,
        e1_0.id,
        e1_0.course_id,
        c1_0.id,
        c1_0.instructor_id,
        i1_0.id,
        i1_0.email,
        i1_0.name,
        c1_0.status,
        c1_0.title 
    from
        student_enrollments e1_0 
    left join
        courses c1_0 
            on c1_0.id=e1_0.course_id 
    left join
        instructors i1_0 
            on i1_0.id=c1_0.instructor_id 
    where
        e1_0.student_id=?
Hibernate: 
    select
        e1_0.student_id,
        e1_0.id,
        e1_0.course_id,
        c1_0.id,
        c1_0.instructor_id,
        i1_0.id,
        i1_0.email,
        i1_0.name,
        c1_0.status,
        c1_0.title 
    from
        student_enrollments e1_0 
    left join
        courses c1_0 
            on c1_0.id=e1_0.course_id 
    left join
        instructors i1_0 
            on i1_0.id=c1_0.instructor_id 
    where
        e1_0.student_id=?
Hibernate: 
    select
        e1_0.student_id,
        e1_0.id,
        e1_0.course_id,
        c1_0.id,
        c1_0.instructor_id,
        i1_0.id,
        i1_0.email,
        i1_0.name,
        c1_0.status,
        c1_0.title 
    from
        student_enrollments e1_0 
    left join
        courses c1_0 
            on c1_0.id=e1_0.course_id 
    left join
        instructors i1_0 
            on i1_0.id=c1_0.instructor_id 
    where
        e1_0.student_id=?
Hibernate: 
    delete 
    from
        students 
    where
        id=?
Hibernate: 
    delete 
    from
        students 
    where
        id=?
Hibernate: 
    delete 
    from
        students 
    where
        id=?
Hibernate: 
    select
        i1_0.id,
        i1_0.email,
        i1_0.name 
    from
        instructors i1_0
Hibernate: 
    select
        c1_0.instructor_id,
        c1_0.id,
        c1_0.status,
        c1_0.title 
    from
        courses c1_0 
    where
        c1_0.instructor_id=?
Hibernate: 
    select
        c1_0.instructor_id,
        c1_0.id,
        c1_0.status,
        c1_0.title 
    from
        courses c1_0 
    where
        c1_0.instructor_id=?
Hibernate: 
    delete 
    from
        instructors 
    where
        id=?
Hibernate: 
    delete 
    from
        instructors 
    where
        id=?
Hibernate: 
    insert 
    into
        instructors
        (email, name) 
    values
        (?, ?)
Hibernate: 
    insert 
    into
        instructors
        (email, name) 
    values
        (?, ?)
Hibernate: 
    insert 
    into
        students
        (email, name) 
    values
        (?, ?)
Hibernate: 
    insert 
    into
        students
        (email, name) 
    values
        (?, ?)
Hibernate: 
    insert 
    into
        courses
        (instructor_id, status, title) 
    values
        (?, ?, ?)
Hibernate: 
    insert 
    into
        courses
        (instructor_id, status, title) 
    values
        (?, ?, ?)
Hibernate: 
    insert 
    into
        student_enrollments
        (course_id, student_id) 
    values
        (?, ?)
Hibernate: 
    insert 
    into
        student_enrollments
        (course_id, student_id) 
    values
        (?, ?)
2026-07-08T00:20:58.384+07:00  INFO 30220 --- [demo] [    Test worker] o.s.mock.web.MockServletContext          : Initializing Spring TestDispatcherServlet ''
2026-07-08T00:20:58.385+07:00  INFO 30220 --- [demo] [    Test worker] o.s.t.web.servlet.TestDispatcherServlet  : Initializing Servlet ''
2026-07-08T00:20:58.385+07:00  INFO 30220 --- [demo] [    Test worker] o.s.t.web.servlet.TestDispatcherServlet  : Completed initialization in 0 ms
2026-07-08T00:20:58.388+07:00  INFO 30220 --- [demo] [    Test worker] o.s.mock.web.MockServletContext          : Initializing Spring TestDispatcherServlet ''
2026-07-08T00:20:58.388+07:00  INFO 30220 --- [demo] [    Test worker] o.s.t.web.servlet.TestDispatcherServlet  : Initializing Servlet ''
2026-07-08T00:20:58.388+07:00  INFO 30220 --- [demo] [    Test worker] o.s.t.web.servlet.TestDispatcherServlet  : Completed initialization in 0 ms
2026-07-08T00:20:58.391+07:00  INFO 30220 --- [demo] [    Test worker] o.s.mock.web.MockServletContext          : Initializing Spring TestDispatcherServlet ''
2026-07-08T00:20:58.391+07:00  INFO 30220 --- [demo] [    Test worker] o.s.t.web.servlet.TestDispatcherServlet  : Initializing Servlet ''
2026-07-08T00:20:58.392+07:00  INFO 30220 --- [demo] [    Test worker] o.s.t.web.servlet.TestDispatcherServlet  : Completed initialization in 0 ms
2026-07-08T00:20:58.395+07:00  INFO 30220 --- [demo] [    Test worker] o.s.mock.web.MockServletContext          : Initializing Spring TestDispatcherServlet ''
2026-07-08T00:20:58.395+07:00  INFO 30220 --- [demo] [    Test worker] o.s.t.web.servlet.TestDispatcherServlet  : Initializing Servlet ''
2026-07-08T00:20:58.395+07:00  INFO 30220 --- [demo] [    Test worker] o.s.t.web.servlet.TestDispatcherServlet  : Completed initialization in 0 ms
2026-07-08T00:20:58.396+07:00  INFO 30220 --- [demo] [    Test worker] o.s.mock.web.MockServletContext          : Initializing Spring TestDispatcherServlet ''
2026-07-08T00:20:58.397+07:00  INFO 30220 --- [demo] [    Test worker] o.s.t.web.servlet.TestDispatcherServlet  : Initializing Servlet ''
2026-07-08T00:20:58.397+07:00  INFO 30220 --- [demo] [    Test worker] o.s.t.web.servlet.TestDispatcherServlet  : Completed initialization in 0 ms
Hibernate: 
    select
        i1_0.id,
        i1_0.email,
        i1_0.name 
    from
        instructors i1_0
Hibernate: 
    select
        c1_0.id,
        c1_0.instructor_id,
        c1_0.status,
        c1_0.title 
    from
        courses c1_0 
    where
        c1_0.instructor_id=?
Hibernate: 
    select
        i1_0.id,
        i1_0.email,
        i1_0.name 
    from
        instructors i1_0 
    where
        i1_0.id=?
Hibernate: 
    select
        se1_0.id,
        se1_0.course_id,
        se1_0.student_id 
    from
        student_enrollments se1_0 
    where
        se1_0.course_id=?
Hibernate: 
    select
        c1_0.id,
        c1_0.instructor_id,
        i1_0.id,
        i1_0.email,
        i1_0.name,
        c1_0.status,
        c1_0.title 
    from
        courses c1_0 
    join
        instructors i1_0 
            on i1_0.id=c1_0.instructor_id 
    where
        c1_0.id=?
Hibernate: 
    select
        s1_0.id,
        s1_0.email,
        s1_0.name 
    from
        students s1_0 
    where
        s1_0.id=?
Hibernate: 
    select
        c1_0.id,
        c1_0.instructor_id,
        c1_0.status,
        c1_0.title 
    from
        courses c1_0 
    where
        c1_0.instructor_id=?
Hibernate: 
    select
        i1_0.id,
        i1_0.email,
        i1_0.name 
    from
        instructors i1_0 
    where
        i1_0.id=?
Hibernate: 
    select
        se1_0.id,
        se1_0.course_id,
        se1_0.student_id 
    from
        student_enrollments se1_0 
    where
        se1_0.course_id=?
Hibernate: 
    select
        c1_0.id,
        c1_0.instructor_id,
        i1_0.id,
        i1_0.email,
        i1_0.name,
        c1_0.status,
        c1_0.title 
    from
        courses c1_0 
    join
        instructors i1_0 
            on i1_0.id=c1_0.instructor_id 
    where
        c1_0.id=?
Hibernate: 
    select
        s1_0.id,
        s1_0.email,
        s1_0.name 
    from
        students s1_0 
    where
        s1_0.id=?
Hibernate: 
    select
        c1_0.id,
        c1_0.instructor_id,
        i1_0.id,
        i1_0.email,
        i1_0.name,
        c1_0.status,
        c1_0.title 
    from
        courses c1_0 
    join
        instructors i1_0 
            on i1_0.id=c1_0.instructor_id 
    where
        c1_0.id=?
Hibernate: 
    select
        i1_0.id,
        i1_0.email,
        i1_0.name 
    from
        instructors i1_0 
    where
        i1_0.id=?
Hibernate: 
    select
        c1_0.id,
        c1_0.instructor_id,
        i1_0.id,
        i1_0.email,
        i1_0.name,
        c1_0.status,
        c1_0.title,
        e1_0.course_id,
        e1_0.id,
        e1_0.student_id,
        s1_0.id,
        s1_0.email,
        s1_0.name 
    from
        courses c1_0 
    join
        instructors i1_0 
            on i1_0.id=c1_0.instructor_id 
    left join
        student_enrollments e1_0 
            on c1_0.id=e1_0.course_id 
    left join
        students s1_0 
            on s1_0.id=e1_0.student_id 
    where
        c1_0.id=?
Hibernate: 
    update
        courses 
    set
        instructor_id=?,
        status=?,
        title=? 
    where
        id=?
Hibernate: 
    select
        i1_0.id,
        i1_0.email,
        i1_0.name 
    from
        instructors i1_0
Hibernate: 
    select
        c1_0.id,
        c1_0.instructor_id,
        c1_0.status,
        c1_0.title 
    from
        courses c1_0 
    where
        c1_0.instructor_id=?
Hibernate: 
    select
        i1_0.id,
        i1_0.email,
        i1_0.name 
    from
        instructors i1_0 
    where
        i1_0.id=?
Hibernate: 
    select
        se1_0.id,
        se1_0.course_id,
        se1_0.student_id 
    from
        student_enrollments se1_0 
    where
        se1_0.course_id=?
Hibernate: 
    select
        c1_0.id,
        c1_0.instructor_id,
        i1_0.id,
        i1_0.email,
        i1_0.name,
        c1_0.status,
        c1_0.title 
    from
        courses c1_0 
    join
        instructors i1_0 
            on i1_0.id=c1_0.instructor_id 
    where
        c1_0.id=?
Hibernate: 
    select
        s1_0.id,
        s1_0.email,
        s1_0.name 
    from
        students s1_0 
    where
        s1_0.id=?
Hibernate: 
    select
        c1_0.id,
        c1_0.instructor_id,
        c1_0.status,
        c1_0.title 
    from
        courses c1_0 
    where
        c1_0.instructor_id=?
Hibernate: 
    select
        i1_0.id,
        i1_0.email,
        i1_0.name 
    from
        instructors i1_0 
    where
        i1_0.id=?
Hibernate: 
    select
        i1_0.id,
        i1_0.email,
        i1_0.name 
    from
        instructors i1_0 
    where
        i1_0.id=?
Hibernate: 
    insert 
    into
        courses
        (instructor_id, status, title) 
    values
        (?, ?, ?)
Hibernate: 
    select
        i1_0.id,
        i1_0.email,
        i1_0.name 
    from
        instructors i1_0
Hibernate: 
    select
        c1_0.id,
        c1_0.instructor_id,
        c1_0.status,
        c1_0.title 
    from
        courses c1_0 
    where
        c1_0.instructor_id=?
Hibernate: 
    select
        i1_0.id,
        i1_0.email,
        i1_0.name 
    from
        instructors i1_0 
    where
        i1_0.id=?
Hibernate: 
    select
        se1_0.id,
        se1_0.course_id,
        se1_0.student_id 
    from
        student_enrollments se1_0 
    where
        se1_0.course_id=?
Hibernate: 
    select
        c1_0.id,
        c1_0.instructor_id,
        i1_0.id,
        i1_0.email,
        i1_0.name,
        c1_0.status,
        c1_0.title 
    from
        courses c1_0 
    join
        instructors i1_0 
            on i1_0.id=c1_0.instructor_id 
    where
        c1_0.id=?
Hibernate: 
    select
        s1_0.id,
        s1_0.email,
        s1_0.name 
    from
        students s1_0 
    where
        s1_0.id=?
Hibernate: 
    select
        se1_0.id,
        se1_0.course_id,
        se1_0.student_id 
    from
        student_enrollments se1_0 
    where
        se1_0.course_id=?
Hibernate: 
    select
        c1_0.id,
        c1_0.instructor_id,
        c1_0.status,
        c1_0.title 
    from
        courses c1_0 
    where
        c1_0.instructor_id=?
Hibernate: 
    select
        i1_0.id,
        i1_0.email,
        i1_0.name 
    from
        instructors i1_0 
    where
        i1_0.id=?
Hibernate: 
    select
        se1_0.id,
        se1_0.course_id,
        se1_0.student_id 
    from
        student_enrollments se1_0
Hibernate: 
    select
        c1_0.id,
        c1_0.instructor_id,
        i1_0.id,
        i1_0.email,
        i1_0.name,
        c1_0.status,
        c1_0.title 
    from
        courses c1_0 
    join
        instructors i1_0 
            on i1_0.id=c1_0.instructor_id 
    where
        c1_0.id=?
Hibernate: 
    select
        s1_0.id,
        s1_0.email,
        s1_0.name 
    from
        students s1_0 
    where
        s1_0.id=?
Hibernate: 
    select
        c1_0.id,
        c1_0.instructor_id,
        i1_0.id,
        i1_0.email,
        i1_0.name,
        c1_0.status,
        c1_0.title 
    from
        courses c1_0 
    join
        instructors i1_0 
            on i1_0.id=c1_0.instructor_id 
    where
        c1_0.id=?
Hibernate: 
    select
        s1_0.id,
        s1_0.email,
        s1_0.name 
    from
        students s1_0 
    where
        s1_0.id=?
Hibernate: 
    delete 
    from
        student_enrollments 
    where
        id=?
Hibernate: 
    delete 
    from
        student_enrollments 
    where
        id=?
Hibernate: 
    select
        c1_0.id,
        c1_0.instructor_id,
        c1_0.status,
        c1_0.title 
    from
        courses c1_0
Hibernate: 
    select
        i1_0.id,
        i1_0.email,
        i1_0.name 
    from
        instructors i1_0 
    where
        i1_0.id=?
Hibernate: 
    select
        i1_0.id,
        i1_0.email,
        i1_0.name 
    from
        instructors i1_0 
    where
        i1_0.id=?
Hibernate: 
    select
        e1_0.course_id,
        e1_0.id,
        e1_0.student_id,
        s1_0.id,
        s1_0.email,
        s1_0.name 
    from
        student_enrollments e1_0 
    left join
        students s1_0 
            on s1_0.id=e1_0.student_id 
    where
        e1_0.course_id=?
Hibernate: 
    select
        e1_0.course_id,
        e1_0.id,
        e1_0.student_id,
        s1_0.id,
        s1_0.email,
        s1_0.name 
    from
        student_enrollments e1_0 
    left join
        students s1_0 
            on s1_0.id=e1_0.student_id 
    where
        e1_0.course_id=?
Hibernate: 
    select
        e1_0.course_id,
        e1_0.id,
        e1_0.student_id,
        s1_0.id,
        s1_0.email,
        s1_0.name 
    from
        student_enrollments e1_0 
    left join
        students s1_0 
            on s1_0.id=e1_0.student_id 
    where
        e1_0.course_id=?
Hibernate: 
    delete 
    from
        courses 
    where
        id=?
Hibernate: 
    delete 
    from
        courses 
    where
        id=?
Hibernate: 
    delete 
    from
        courses 
    where
        id=?
Hibernate: 
    select
        s1_0.id,
        s1_0.email,
        s1_0.name 
    from
        students s1_0
Hibernate: 
    select
        e1_0.student_id,
        e1_0.id,
        e1_0.course_id,
        c1_0.id,
        c1_0.instructor_id,
        i1_0.id,
        i1_0.email,
        i1_0.name,
        c1_0.status,
        c1_0.title 
    from
        student_enrollments e1_0 
    left join
        courses c1_0 
            on c1_0.id=e1_0.course_id 
    left join
        instructors i1_0 
            on i1_0.id=c1_0.instructor_id 
    where
        e1_0.student_id=?
Hibernate: 
    select
        e1_0.student_id,
        e1_0.id,
        e1_0.course_id,
        c1_0.id,
        c1_0.instructor_id,
        i1_0.id,
        i1_0.email,
        i1_0.name,
        c1_0.status,
        c1_0.title 
    from
        student_enrollments e1_0 
    left join
        courses c1_0 
            on c1_0.id=e1_0.course_id 
    left join
        instructors i1_0 
            on i1_0.id=c1_0.instructor_id 
    where
        e1_0.student_id=?
Hibernate: 
    delete 
    from
        students 
    where
        id=?
Hibernate: 
    delete 
    from
        students 
    where
        id=?
Hibernate: 
    select
        i1_0.id,
        i1_0.email,
        i1_0.name 
    from
        instructors i1_0
Hibernate: 
    select
        c1_0.instructor_id,
        c1_0.id,
        c1_0.status,
        c1_0.title 
    from
        courses c1_0 
    where
        c1_0.instructor_id=?
Hibernate: 
    select
        c1_0.instructor_id,
        c1_0.id,
        c1_0.status,
        c1_0.title 
    from
        courses c1_0 
    where
        c1_0.instructor_id=?
Hibernate: 
    delete 
    from
        instructors 
    where
        id=?
Hibernate: 
    delete 
    from
        instructors 
    where
        id=?
Hibernate: 
    insert 
    into
        instructors
        (email, name) 
    values
        (?, ?)
Hibernate: 
    insert 
    into
        instructors
        (email, name) 
    values
        (?, ?)
Hibernate: 
    insert 
    into
        students
        (email, name) 
    values
        (?, ?)
Hibernate: 
    insert 
    into
        students
        (email, name) 
    values
        (?, ?)
Hibernate: 
    insert 
    into
        courses
        (instructor_id, status, title) 
    values
        (?, ?, ?)
Hibernate: 
    insert 
    into
        courses
        (instructor_id, status, title) 
    values
        (?, ?, ?)
Hibernate: 
    insert 
    into
        student_enrollments
        (course_id, student_id) 
    values
        (?, ?)
Hibernate: 
    insert 
    into
        student_enrollments
        (course_id, student_id) 
    values
        (?, ?)
2026-07-08T00:20:58.556+07:00  INFO 30220 --- [demo] [    Test worker] o.s.mock.web.MockServletContext          : Initializing Spring TestDispatcherServlet ''
2026-07-08T00:20:58.557+07:00  INFO 30220 --- [demo] [    Test worker] o.s.t.web.servlet.TestDispatcherServlet  : Initializing Servlet ''
2026-07-08T00:20:58.557+07:00  INFO 30220 --- [demo] [    Test worker] o.s.t.web.servlet.TestDispatcherServlet  : Completed initialization in 0 ms
2026-07-08T00:20:58.561+07:00  INFO 30220 --- [demo] [    Test worker] o.s.mock.web.MockServletContext          : Initializing Spring TestDispatcherServlet ''
2026-07-08T00:20:58.562+07:00  INFO 30220 --- [demo] [    Test worker] o.s.t.web.servlet.TestDispatcherServlet  : Initializing Servlet ''
2026-07-08T00:20:58.562+07:00  INFO 30220 --- [demo] [    Test worker] o.s.t.web.servlet.TestDispatcherServlet  : Completed initialization in 0 ms
2026-07-08T00:20:58.565+07:00  INFO 30220 --- [demo] [    Test worker] o.s.mock.web.MockServletContext          : Initializing Spring TestDispatcherServlet ''
2026-07-08T00:20:58.565+07:00  INFO 30220 --- [demo] [    Test worker] o.s.t.web.servlet.TestDispatcherServlet  : Initializing Servlet ''
2026-07-08T00:20:58.567+07:00  INFO 30220 --- [demo] [    Test worker] o.s.t.web.servlet.TestDispatcherServlet  : Completed initialization in 2 ms
2026-07-08T00:20:58.570+07:00  INFO 30220 --- [demo] [    Test worker] o.s.mock.web.MockServletContext          : Initializing Spring TestDispatcherServlet ''
2026-07-08T00:20:58.570+07:00  INFO 30220 --- [demo] [    Test worker] o.s.t.web.servlet.TestDispatcherServlet  : Initializing Servlet ''
2026-07-08T00:20:58.571+07:00  INFO 30220 --- [demo] [    Test worker] o.s.t.web.servlet.TestDispatcherServlet  : Completed initialization in 0 ms
2026-07-08T00:20:58.573+07:00  INFO 30220 --- [demo] [    Test worker] o.s.mock.web.MockServletContext          : Initializing Spring TestDispatcherServlet ''
2026-07-08T00:20:58.573+07:00  INFO 30220 --- [demo] [    Test worker] o.s.t.web.servlet.TestDispatcherServlet  : Initializing Servlet ''
2026-07-08T00:20:58.573+07:00  INFO 30220 --- [demo] [    Test worker] o.s.t.web.servlet.TestDispatcherServlet  : Completed initialization in 0 ms
Hibernate: 
    insert 
    into
        instructors
        (email, name) 
    values
        (?, ?)
Hibernate: 
    select
        i1_0.id,
        i1_0.email,
        i1_0.name 
    from
        instructors i1_0
Hibernate: 
    select
        i1_0.id,
        i1_0.email,
        i1_0.name 
    from
        instructors i1_0 
    where
        i1_0.id=?
Hibernate: 
    insert 
    into
        courses
        (instructor_id, status, title) 
    values
        (?, ?, ?)
Hibernate: 
    select
        c1_0.id,
        c1_0.instructor_id,
        c1_0.status,
        c1_0.title 
    from
        courses c1_0
Hibernate: 
    select
        i1_0.id,
        i1_0.email,
        i1_0.name 
    from
        instructors i1_0 
    where
        i1_0.id=?
Hibernate: 
    select
        i1_0.id,
        i1_0.email,
        i1_0.name 
    from
        instructors i1_0 
    where
        i1_0.id=?
Hibernate: 
    select
        i1_0.id,
        i1_0.email,
        i1_0.name 
    from
        instructors i1_0 
    where
        i1_0.id=?
Hibernate: 
    select
        c1_0.id,
        c1_0.instructor_id,
        i1_0.id,
        i1_0.email,
        i1_0.name,
        c1_0.status,
        c1_0.title 
    from
        courses c1_0 
    join
        instructors i1_0 
            on i1_0.id=c1_0.instructor_id 
    where
        c1_0.id=?
Hibernate: 
    select
        i1_0.id,
        i1_0.email,
        i1_0.name 
    from
        instructors i1_0 
    where
        i1_0.id=?
Hibernate: 
    select
        c1_0.id,
        c1_0.instructor_id,
        i1_0.id,
        i1_0.email,
        i1_0.name,
        c1_0.status,
        c1_0.title,
        e1_0.course_id,
        e1_0.id,
        e1_0.student_id,
        s1_0.id,
        s1_0.email,
        s1_0.name 
    from
        courses c1_0 
    join
        instructors i1_0 
            on i1_0.id=c1_0.instructor_id 
    left join
        student_enrollments e1_0 
            on c1_0.id=e1_0.course_id 
    left join
        students s1_0 
            on s1_0.id=e1_0.student_id 
    where
        c1_0.id=?
Hibernate: 
    update
        courses 
    set
        instructor_id=?,
        status=?,
        title=? 
    where
        id=?
Hibernate: 
    insert 
    into
        students
        (email, name) 
    values
        (?, ?)
Hibernate: 
    select
        s1_0.id,
        s1_0.email,
        s1_0.name 
    from
        students s1_0 
    where
        s1_0.name=?
Hibernate: 
    select
        s1_0.id,
        s1_0.email,
        s1_0.name 
    from
        students s1_0 
    where
        s1_0.id=?
Hibernate: 
    select
        c1_0.id,
        c1_0.instructor_id,
        i1_0.id,
        i1_0.email,
        i1_0.name,
        c1_0.status,
        c1_0.title 
    from
        courses c1_0 
    join
        instructors i1_0 
            on i1_0.id=c1_0.instructor_id 
    where
        c1_0.id=?
Hibernate: 
    insert 
    into
        student_enrollments
        (course_id, student_id) 
    values
        (?, ?)
Hibernate: 
    select
        se1_0.id,
        se1_0.course_id,
        se1_0.student_id 
    from
        student_enrollments se1_0
Hibernate: 
    select
        c1_0.id,
        c1_0.instructor_id,
        i1_0.id,
        i1_0.email,
        i1_0.name,
        c1_0.status,
        c1_0.title 
    from
        courses c1_0 
    join
        instructors i1_0 
            on i1_0.id=c1_0.instructor_id 
    where
        c1_0.id=?
Hibernate: 
    select
        s1_0.id,
        s1_0.email,
        s1_0.name 
    from
        students s1_0 
    where
        s1_0.id=?
Hibernate: 
    select
        c1_0.id,
        c1_0.instructor_id,
        i1_0.id,
        i1_0.email,
        i1_0.name,
        c1_0.status,
        c1_0.title 
    from
        courses c1_0 
    join
        instructors i1_0 
            on i1_0.id=c1_0.instructor_id 
    where
        c1_0.id=?
Hibernate: 
    select
        s1_0.id,
        s1_0.email,
        s1_0.name 
    from
        students s1_0 
    where
        s1_0.id=?
Hibernate: 
    select
        c1_0.id,
        c1_0.instructor_id,
        i1_0.id,
        i1_0.email,
        i1_0.name,
        c1_0.status,
        c1_0.title 
    from
        courses c1_0 
    join
        instructors i1_0 
            on i1_0.id=c1_0.instructor_id 
    where
        c1_0.id=?
Hibernate: 
    select
        s1_0.id,
        s1_0.email,
        s1_0.name 
    from
        students s1_0 
    where
        s1_0.id=?
Hibernate: 
    select
        se1_0.id,
        se1_0.course_id,
        se1_0.student_id 
    from
        student_enrollments se1_0
Hibernate: 
    select
        c1_0.id,
        c1_0.instructor_id,
        i1_0.id,
        i1_0.email,
        i1_0.name,
        c1_0.status,
        c1_0.title 
    from
        courses c1_0 
    join
        instructors i1_0 
            on i1_0.id=c1_0.instructor_id 
    where
        c1_0.id=?
Hibernate: 
    select
        s1_0.id,
        s1_0.email,
        s1_0.name 
    from
        students s1_0 
    where
        s1_0.id=?
Hibernate: 
    select
        c1_0.id,
        c1_0.instructor_id,
        i1_0.id,
        i1_0.email,
        i1_0.name,
        c1_0.status,
        c1_0.title 
    from
        courses c1_0 
    join
        instructors i1_0 
            on i1_0.id=c1_0.instructor_id 
    where
        c1_0.id=?
Hibernate: 
    select
        s1_0.id,
        s1_0.email,
        s1_0.name 
    from
        students s1_0 
    where
        s1_0.id=?
Hibernate: 
    select
        c1_0.id,
        c1_0.instructor_id,
        i1_0.id,
        i1_0.email,
        i1_0.name,
        c1_0.status,
        c1_0.title 
    from
        courses c1_0 
    join
        instructors i1_0 
            on i1_0.id=c1_0.instructor_id 
    where
        c1_0.id=?
Hibernate: 
    select
        s1_0.id,
        s1_0.email,
        s1_0.name 
    from
        students s1_0 
    where
        s1_0.id=?
Hibernate: 
    delete 
    from
        student_enrollments 
    where
        id=?
Hibernate: 
    delete 
    from
        student_enrollments 
    where
        id=?
Hibernate: 
    delete 
    from
        student_enrollments 
    where
        id=?
Hibernate: 
    select
        c1_0.id,
        c1_0.instructor_id,
        c1_0.status,
        c1_0.title 
    from
        courses c1_0
Hibernate: 
    select
        i1_0.id,
        i1_0.email,
        i1_0.name 
    from
        instructors i1_0 
    where
        i1_0.id=?
Hibernate: 
    select
        i1_0.id,
        i1_0.email,
        i1_0.name 
    from
        instructors i1_0 
    where
        i1_0.id=?
Hibernate: 
    select
        i1_0.id,
        i1_0.email,
        i1_0.name 
    from
        instructors i1_0 
    where
        i1_0.id=?
Hibernate: 
    select
        e1_0.course_id,
        e1_0.id,
        e1_0.student_id,
        s1_0.id,
        s1_0.email,
        s1_0.name 
    from
        student_enrollments e1_0 
    left join
        students s1_0 
            on s1_0.id=e1_0.student_id 
    where
        e1_0.course_id=?
Hibernate: 
    select
        e1_0.course_id,
        e1_0.id,
        e1_0.student_id,
        s1_0.id,
        s1_0.email,
        s1_0.name 
    from
        student_enrollments e1_0 
    left join
        students s1_0 
            on s1_0.id=e1_0.student_id 
    where
        e1_0.course_id=?
Hibernate: 
    select
        e1_0.course_id,
        e1_0.id,
        e1_0.student_id,
        s1_0.id,
        s1_0.email,
        s1_0.name 
    from
        student_enrollments e1_0 
    left join
        students s1_0 
            on s1_0.id=e1_0.student_id 
    where
        e1_0.course_id=?
Hibernate: 
    delete 
    from
        courses 
    where
        id=?
Hibernate: 
    delete 
    from
        courses 
    where
        id=?
Hibernate: 
    delete 
    from
        courses 
    where
        id=?
Hibernate: 
    select
        s1_0.id,
        s1_0.email,
        s1_0.name 
    from
        students s1_0
Hibernate: 
    select
        e1_0.student_id,
        e1_0.id,
        e1_0.course_id,
        c1_0.id,
        c1_0.instructor_id,
        i1_0.id,
        i1_0.email,
        i1_0.name,
        c1_0.status,
        c1_0.title 
    from
        student_enrollments e1_0 
    left join
        courses c1_0 
            on c1_0.id=e1_0.course_id 
    left join
        instructors i1_0 
            on i1_0.id=c1_0.instructor_id 
    where
        e1_0.student_id=?
Hibernate: 
    select
        e1_0.student_id,
        e1_0.id,
        e1_0.course_id,
        c1_0.id,
        c1_0.instructor_id,
        i1_0.id,
        i1_0.email,
        i1_0.name,
        c1_0.status,
        c1_0.title 
    from
        student_enrollments e1_0 
    left join
        courses c1_0 
            on c1_0.id=e1_0.course_id 
    left join
        instructors i1_0 
            on i1_0.id=c1_0.instructor_id 
    where
        e1_0.student_id=?
Hibernate: 
    select
        e1_0.student_id,
        e1_0.id,
        e1_0.course_id,
        c1_0.id,
        c1_0.instructor_id,
        i1_0.id,
        i1_0.email,
        i1_0.name,
        c1_0.status,
        c1_0.title 
    from
        student_enrollments e1_0 
    left join
        courses c1_0 
            on c1_0.id=e1_0.course_id 
    left join
        instructors i1_0 
            on i1_0.id=c1_0.instructor_id 
    where
        e1_0.student_id=?
Hibernate: 
    delete 
    from
        students 
    where
        id=?
Hibernate: 
    delete 
    from
        students 
    where
        id=?
Hibernate: 
    delete 
    from
        students 
    where
        id=?
Hibernate: 
    select
        i1_0.id,
        i1_0.email,
        i1_0.name 
    from
        instructors i1_0
Hibernate: 
    select
        c1_0.instructor_id,
        c1_0.id,
        c1_0.status,
        c1_0.title 
    from
        courses c1_0 
    where
        c1_0.instructor_id=?
Hibernate: 
    select
        c1_0.instructor_id,
        c1_0.id,
        c1_0.status,
        c1_0.title 
    from
        courses c1_0 
    where
        c1_0.instructor_id=?
Hibernate: 
    select
        c1_0.instructor_id,
        c1_0.id,
        c1_0.status,
        c1_0.title 
    from
        courses c1_0 
    where
        c1_0.instructor_id=?
Hibernate: 
    delete 
    from
        instructors 
    where
        id=?
Hibernate: 
    delete 
    from
        instructors 
    where
        id=?
Hibernate: 
    delete 
    from
        instructors 
    where
        id=?
Hibernate: 
    insert 
    into
        instructors
        (email, name) 
    values
        (?, ?)
Hibernate: 
    insert 
    into
        instructors
        (email, name) 
    values
        (?, ?)
Hibernate: 
    insert 
    into
        students
        (email, name) 
    values
        (?, ?)
Hibernate: 
    insert 
    into
        students
        (email, name) 
    values
        (?, ?)
Hibernate: 
    insert 
    into
        courses
        (instructor_id, status, title) 
    values
        (?, ?, ?)
Hibernate: 
    insert 
    into
        courses
        (instructor_id, status, title) 
    values
        (?, ?, ?)
Hibernate: 
    insert 
    into
        student_enrollments
        (course_id, student_id) 
    values
        (?, ?)
Hibernate: 
    insert 
    into
        student_enrollments
        (course_id, student_id) 
    values
        (?, ?)
2026-07-08T00:20:58.689+07:00  INFO 30220 --- [demo] [    Test worker] o.s.mock.web.MockServletContext          : Initializing Spring TestDispatcherServlet ''
2026-07-08T00:20:58.689+07:00  INFO 30220 --- [demo] [    Test worker] o.s.t.web.servlet.TestDispatcherServlet  : Initializing Servlet ''
2026-07-08T00:20:58.689+07:00  INFO 30220 --- [demo] [    Test worker] o.s.t.web.servlet.TestDispatcherServlet  : Completed initialization in 0 ms
2026-07-08T00:20:58.692+07:00  INFO 30220 --- [demo] [    Test worker] o.s.mock.web.MockServletContext          : Initializing Spring TestDispatcherServlet ''
2026-07-08T00:20:58.692+07:00  INFO 30220 --- [demo] [    Test worker] o.s.t.web.servlet.TestDispatcherServlet  : Initializing Servlet ''
2026-07-08T00:20:58.693+07:00  INFO 30220 --- [demo] [    Test worker] o.s.t.web.servlet.TestDispatcherServlet  : Completed initialization in 1 ms
2026-07-08T00:20:58.696+07:00  INFO 30220 --- [demo] [    Test worker] o.s.mock.web.MockServletContext          : Initializing Spring TestDispatcherServlet ''
2026-07-08T00:20:58.696+07:00  INFO 30220 --- [demo] [    Test worker] o.s.t.web.servlet.TestDispatcherServlet  : Initializing Servlet ''
2026-07-08T00:20:58.696+07:00  INFO 30220 --- [demo] [    Test worker] o.s.t.web.servlet.TestDispatcherServlet  : Completed initialization in 0 ms
2026-07-08T00:20:58.698+07:00  INFO 30220 --- [demo] [    Test worker] o.s.mock.web.MockServletContext          : Initializing Spring TestDispatcherServlet ''
2026-07-08T00:20:58.698+07:00  INFO 30220 --- [demo] [    Test worker] o.s.t.web.servlet.TestDispatcherServlet  : Initializing Servlet ''
2026-07-08T00:20:58.698+07:00  INFO 30220 --- [demo] [    Test worker] o.s.t.web.servlet.TestDispatcherServlet  : Completed initialization in 0 ms
2026-07-08T00:20:58.701+07:00  INFO 30220 --- [demo] [    Test worker] o.s.mock.web.MockServletContext          : Initializing Spring TestDispatcherServlet ''
2026-07-08T00:20:58.701+07:00  INFO 30220 --- [demo] [    Test worker] o.s.t.web.servlet.TestDispatcherServlet  : Initializing Servlet ''
2026-07-08T00:20:58.701+07:00  INFO 30220 --- [demo] [    Test worker] o.s.t.web.servlet.TestDispatcherServlet  : Completed initialization in 0 ms
Hibernate: 
    select
        i1_0.id,
        i1_0.email,
        i1_0.name 
    from
        instructors i1_0
Hibernate: 
    select
        i1_0.id,
        i1_0.email,
        i1_0.name 
    from
        instructors i1_0 
    where
        i1_0.id=?
Hibernate: 
    select
        i1_0.id,
        i1_0.email,
        i1_0.name 
    from
        instructors i1_0 
    where
        i1_0.id=?
Hibernate: 
    insert 
    into
        instructors
        (email, name) 
    values
        (?, ?)
Hibernate: 
    select
        i1_0.id,
        i1_0.email,
        i1_0.name 
    from
        instructors i1_0 
    where
        i1_0.id=?
Hibernate: 
    select
        i1_0.id,
        i1_0.email,
        i1_0.name,
        c1_0.instructor_id,
        c1_0.id,
        c1_0.status,
        c1_0.title 
    from
        instructors i1_0 
    left join
        courses c1_0 
            on i1_0.id=c1_0.instructor_id 
    where
        i1_0.id=?
Hibernate: 
    update
        instructors 
    set
        email=?,
        name=? 
    where
        id=?
Hibernate: 
    select
        i1_0.id,
        i1_0.email,
        i1_0.name 
    from
        instructors i1_0 
    where
        i1_0.id=?
Hibernate: 
    select
        i1_0.id,
        i1_0.email,
        i1_0.name 
    from
        instructors i1_0 
    where
        i1_0.id=?
Hibernate: 
    select
        c1_0.id,
        c1_0.instructor_id,
        c1_0.status,
        c1_0.title 
    from
        courses c1_0 
    where
        c1_0.instructor_id=?
Hibernate: 
    select
        i1_0.id,
        i1_0.email,
        i1_0.name 
    from
        instructors i1_0 
    where
        i1_0.id=?
Hibernate: 
    select
        c1_0.id,
        c1_0.instructor_id,
        i1_0.id,
        i1_0.email,
        i1_0.name,
        c1_0.status,
        c1_0.title 
    from
        courses c1_0 
    join
        instructors i1_0 
            on i1_0.id=c1_0.instructor_id 
    where
        c1_0.id=?
Hibernate: 
    select
        c1_0.id,
        c1_0.instructor_id,
        i1_0.id,
        i1_0.email,
        i1_0.name,
        c1_0.status,
        c1_0.title 
    from
        courses c1_0 
    join
        instructors i1_0 
            on i1_0.id=c1_0.instructor_id 
    where
        c1_0.id=?
Hibernate: 
    select
        e1_0.course_id,
        e1_0.id,
        e1_0.student_id,
        s1_0.id,
        s1_0.email,
        s1_0.name 
    from
        student_enrollments e1_0 
    left join
        students s1_0 
            on s1_0.id=e1_0.student_id 
    where
        e1_0.course_id=?
Hibernate: 
    delete 
    from
        student_enrollments 
    where
        id=?
Hibernate: 
    delete 
    from
        courses 
    where
        id=?
Hibernate: 
    select
        i1_0.id,
        i1_0.email,
        i1_0.name 
    from
        instructors i1_0 
    where
        i1_0.id=?
Hibernate: 
    select
        c1_0.id,
        c1_0.instructor_id,
        c1_0.status,
        c1_0.title 
    from
        courses c1_0 
    where
        c1_0.instructor_id=?
Hibernate: 
    select
        i1_0.id,
        i1_0.email,
        i1_0.name 
    from
        instructors i1_0 
    where
        i1_0.id=?
Hibernate: 
    select
        c1_0.instructor_id,
        c1_0.id,
        c1_0.status,
        c1_0.title 
    from
        courses c1_0 
    where
        c1_0.instructor_id=?
Hibernate: 
    delete 
    from
        instructors 
    where
        id=?
Hibernate: 
    select
        i1_0.id,
        i1_0.email,
        i1_0.name 
    from
        instructors i1_0 
    where
        i1_0.id=?
Hibernate: 
    select
        se1_0.id,
        se1_0.course_id,
        se1_0.student_id 
    from
        student_enrollments se1_0
Hibernate: 
    select
        c1_0.id,
        c1_0.instructor_id,
        i1_0.id,
        i1_0.email,
        i1_0.name,
        c1_0.status,
        c1_0.title 
    from
        courses c1_0 
    join
        instructors i1_0 
            on i1_0.id=c1_0.instructor_id 
    where
        c1_0.id=?
Hibernate: 
    select
        s1_0.id,
        s1_0.email,
        s1_0.name 
    from
        students s1_0 
    where
        s1_0.id=?
Hibernate: 
    delete 
    from
        student_enrollments 
    where
        id=?
Hibernate: 
    select
        c1_0.id,
        c1_0.instructor_id,
        c1_0.status,
        c1_0.title 
    from
        courses c1_0
Hibernate: 
    select
        i1_0.id,
        i1_0.email,
        i1_0.name 
    from
        instructors i1_0 
    where
        i1_0.id=?
Hibernate: 
    select
        e1_0.course_id,
        e1_0.id,
        e1_0.student_id,
        s1_0.id,
        s1_0.email,
        s1_0.name 
    from
        student_enrollments e1_0 
    left join
        students s1_0 
            on s1_0.id=e1_0.student_id 
    where
        e1_0.course_id=?
Hibernate: 
    delete 
    from
        courses 
    where
        id=?
Hibernate: 
    select
        s1_0.id,
        s1_0.email,
        s1_0.name 
    from
        students s1_0
Hibernate: 
    select
        e1_0.student_id,
        e1_0.id,
        e1_0.course_id,
        c1_0.id,
        c1_0.instructor_id,
        i1_0.id,
        i1_0.email,
        i1_0.name,
        c1_0.status,
        c1_0.title 
    from
        student_enrollments e1_0 
    left join
        courses c1_0 
            on c1_0.id=e1_0.course_id 
    left join
        instructors i1_0 
            on i1_0.id=c1_0.instructor_id 
    where
        e1_0.student_id=?
Hibernate: 
    select
        e1_0.student_id,
        e1_0.id,
        e1_0.course_id,
        c1_0.id,
        c1_0.instructor_id,
        i1_0.id,
        i1_0.email,
        i1_0.name,
        c1_0.status,
        c1_0.title 
    from
        student_enrollments e1_0 
    left join
        courses c1_0 
            on c1_0.id=e1_0.course_id 
    left join
        instructors i1_0 
            on i1_0.id=c1_0.instructor_id 
    where
        e1_0.student_id=?
Hibernate: 
    delete 
    from
        students 
    where
        id=?
Hibernate: 
    delete 
    from
        students 
    where
        id=?
Hibernate: 
    select
        i1_0.id,
        i1_0.email,
        i1_0.name 
    from
        instructors i1_0
Hibernate: 
    select
        c1_0.instructor_id,
        c1_0.id,
        c1_0.status,
        c1_0.title 
    from
        courses c1_0 
    where
        c1_0.instructor_id=?
Hibernate: 
    select
        c1_0.instructor_id,
        c1_0.id,
        c1_0.status,
        c1_0.title 
    from
        courses c1_0 
    where
        c1_0.instructor_id=?
Hibernate: 
    delete 
    from
        instructors 
    where
        id=?
Hibernate: 
    delete 
    from
        instructors 
    where
        id=?
Hibernate: 
    insert 
    into
        instructors
        (email, name) 
    values
        (?, ?)
Hibernate: 
    insert 
    into
        instructors
        (email, name) 
    values
        (?, ?)
Hibernate: 
    insert 
    into
        students
        (email, name) 
    values
        (?, ?)
Hibernate: 
    insert 
    into
        students
        (email, name) 
    values
        (?, ?)
Hibernate: 
    insert 
    into
        courses
        (instructor_id, status, title) 
    values
        (?, ?, ?)
Hibernate: 
    insert 
    into
        courses
        (instructor_id, status, title) 
    values
        (?, ?, ?)
Hibernate: 
    insert 
    into
        student_enrollments
        (course_id, student_id) 
    values
        (?, ?)
Hibernate: 
    insert 
    into
        student_enrollments
        (course_id, student_id) 
    values
        (?, ?)
2026-07-08T00:20:58.793+07:00  INFO 30220 --- [demo] [    Test worker] o.s.mock.web.MockServletContext          : Initializing Spring TestDispatcherServlet ''
2026-07-08T00:20:58.793+07:00  INFO 30220 --- [demo] [    Test worker] o.s.t.web.servlet.TestDispatcherServlet  : Initializing Servlet ''
2026-07-08T00:20:58.793+07:00  INFO 30220 --- [demo] [    Test worker] o.s.t.web.servlet.TestDispatcherServlet  : Completed initialization in 0 ms
2026-07-08T00:20:58.800+07:00  INFO 30220 --- [demo] [    Test worker] o.s.mock.web.MockServletContext          : Initializing Spring TestDispatcherServlet ''
2026-07-08T00:20:58.800+07:00  INFO 30220 --- [demo] [    Test worker] o.s.t.web.servlet.TestDispatcherServlet  : Initializing Servlet ''
2026-07-08T00:20:58.800+07:00  INFO 30220 --- [demo] [    Test worker] o.s.t.web.servlet.TestDispatcherServlet  : Completed initialization in 0 ms
2026-07-08T00:20:58.804+07:00  INFO 30220 --- [demo] [    Test worker] o.s.mock.web.MockServletContext          : Initializing Spring TestDispatcherServlet ''
2026-07-08T00:20:58.804+07:00  INFO 30220 --- [demo] [    Test worker] o.s.t.web.servlet.TestDispatcherServlet  : Initializing Servlet ''
2026-07-08T00:20:58.804+07:00  INFO 30220 --- [demo] [    Test worker] o.s.t.web.servlet.TestDispatcherServlet  : Completed initialization in 0 ms
2026-07-08T00:20:58.806+07:00  INFO 30220 --- [demo] [    Test worker] o.s.mock.web.MockServletContext          : Initializing Spring TestDispatcherServlet ''
2026-07-08T00:20:58.806+07:00  INFO 30220 --- [demo] [    Test worker] o.s.t.web.servlet.TestDispatcherServlet  : Initializing Servlet ''
2026-07-08T00:20:58.806+07:00  INFO 30220 --- [demo] [    Test worker] o.s.t.web.servlet.TestDispatcherServlet  : Completed initialization in 0 ms
2026-07-08T00:20:58.810+07:00  INFO 30220 --- [demo] [    Test worker] o.s.mock.web.MockServletContext          : Initializing Spring TestDispatcherServlet ''
2026-07-08T00:20:58.810+07:00  INFO 30220 --- [demo] [    Test worker] o.s.t.web.servlet.TestDispatcherServlet  : Initializing Servlet ''
2026-07-08T00:20:58.810+07:00  INFO 30220 --- [demo] [    Test worker] o.s.t.web.servlet.TestDispatcherServlet  : Completed initialization in 0 ms
Hibernate: 
    select
        se1_0.id,
        se1_0.course_id,
        se1_0.student_id 
    from
        student_enrollments se1_0
Hibernate: 
    select
        c1_0.id,
        c1_0.instructor_id,
        i1_0.id,
        i1_0.email,
        i1_0.name,
        c1_0.status,
        c1_0.title 
    from
        courses c1_0 
    join
        instructors i1_0 
            on i1_0.id=c1_0.instructor_id 
    where
        c1_0.id=?
Hibernate: 
    select
        s1_0.id,
        s1_0.email,
        s1_0.name 
    from
        students s1_0 
    where
        s1_0.id=?
Hibernate: 
    select
        c1_0.id,
        c1_0.instructor_id,
        i1_0.id,
        i1_0.email,
        i1_0.name,
        c1_0.status,
        c1_0.title 
    from
        courses c1_0 
    join
        instructors i1_0 
            on i1_0.id=c1_0.instructor_id 
    where
        c1_0.id=?
Hibernate: 
    select
        s1_0.id,
        s1_0.email,
        s1_0.name 
    from
        students s1_0 
    where
        s1_0.id=?
Hibernate: 
    delete 
    from
        student_enrollments 
    where
        id=?
Hibernate: 
    delete 
    from
        student_enrollments 
    where
        id=?
Hibernate: 
    select
        c1_0.id,
        c1_0.instructor_id,
        c1_0.status,
        c1_0.title 
    from
        courses c1_0
Hibernate: 
    select
        i1_0.id,
        i1_0.email,
        i1_0.name 
    from
        instructors i1_0 
    where
        i1_0.id=?
Hibernate: 
    select
        i1_0.id,
        i1_0.email,
        i1_0.name 
    from
        instructors i1_0 
    where
        i1_0.id=?
Hibernate: 
    select
        e1_0.course_id,
        e1_0.id,
        e1_0.student_id,
        s1_0.id,
        s1_0.email,
        s1_0.name 
    from
        student_enrollments e1_0 
    left join
        students s1_0 
            on s1_0.id=e1_0.student_id 
    where
        e1_0.course_id=?
Hibernate: 
    select
        e1_0.course_id,
        e1_0.id,
        e1_0.student_id,
        s1_0.id,
        s1_0.email,
        s1_0.name 
    from
        student_enrollments e1_0 
    left join
        students s1_0 
            on s1_0.id=e1_0.student_id 
    where
        e1_0.course_id=?
Hibernate: 
    delete 
    from
        courses 
    where
        id=?
Hibernate: 
    delete 
    from
        courses 
    where
        id=?
Hibernate: 
    select
        s1_0.id,
        s1_0.email,
        s1_0.name 
    from
        students s1_0
Hibernate: 
    select
        e1_0.student_id,
        e1_0.id,
        e1_0.course_id,
        c1_0.id,
        c1_0.instructor_id,
        i1_0.id,
        i1_0.email,
        i1_0.name,
        c1_0.status,
        c1_0.title 
    from
        student_enrollments e1_0 
    left join
        courses c1_0 
            on c1_0.id=e1_0.course_id 
    left join
        instructors i1_0 
            on i1_0.id=c1_0.instructor_id 
    where
        e1_0.student_id=?
Hibernate: 
    select
        e1_0.student_id,
        e1_0.id,
        e1_0.course_id,
        c1_0.id,
        c1_0.instructor_id,
        i1_0.id,
        i1_0.email,
        i1_0.name,
        c1_0.status,
        c1_0.title 
    from
        student_enrollments e1_0 
    left join
        courses c1_0 
            on c1_0.id=e1_0.course_id 
    left join
        instructors i1_0 
            on i1_0.id=c1_0.instructor_id 
    where
        e1_0.student_id=?
Hibernate: 
    delete 
    from
        students 
    where
        id=?
Hibernate: 
    delete 
    from
        students 
    where
        id=?
Hibernate: 
    select
        i1_0.id,
        i1_0.email,
        i1_0.name 
    from
        instructors i1_0
Hibernate: 
    select
        c1_0.instructor_id,
        c1_0.id,
        c1_0.status,
        c1_0.title 
    from
        courses c1_0 
    where
        c1_0.instructor_id=?
Hibernate: 
    select
        c1_0.instructor_id,
        c1_0.id,
        c1_0.status,
        c1_0.title 
    from
        courses c1_0 
    where
        c1_0.instructor_id=?
Hibernate: 
    delete 
    from
        instructors 
    where
        id=?
Hibernate: 
    delete 
    from
        instructors 
    where
        id=?
Hibernate: 
    insert 
    into
        instructors
        (email, name) 
    values
        (?, ?)
Hibernate: 
    insert 
    into
        instructors
        (email, name) 
    values
        (?, ?)
Hibernate: 
    insert 
    into
        students
        (email, name) 
    values
        (?, ?)
Hibernate: 
    insert 
    into
        students
        (email, name) 
    values
        (?, ?)
Hibernate: 
    insert 
    into
        courses
        (instructor_id, status, title) 
    values
        (?, ?, ?)
Hibernate: 
    insert 
    into
        courses
        (instructor_id, status, title) 
    values
        (?, ?, ?)
Hibernate: 
    insert 
    into
        student_enrollments
        (course_id, student_id) 
    values
        (?, ?)
Hibernate: 
    insert 
    into
        student_enrollments
        (course_id, student_id) 
    values
        (?, ?)
2026-07-08T00:20:58.852+07:00  INFO 30220 --- [demo] [    Test worker] o.s.mock.web.MockServletContext          : Initializing Spring TestDispatcherServlet ''
2026-07-08T00:20:58.852+07:00  INFO 30220 --- [demo] [    Test worker] o.s.t.web.servlet.TestDispatcherServlet  : Initializing Servlet ''
2026-07-08T00:20:58.853+07:00  INFO 30220 --- [demo] [    Test worker] o.s.t.web.servlet.TestDispatcherServlet  : Completed initialization in 1 ms
2026-07-08T00:20:58.855+07:00  INFO 30220 --- [demo] [    Test worker] o.s.mock.web.MockServletContext          : Initializing Spring TestDispatcherServlet ''
2026-07-08T00:20:58.855+07:00  INFO 30220 --- [demo] [    Test worker] o.s.t.web.servlet.TestDispatcherServlet  : Initializing Servlet ''
2026-07-08T00:20:58.855+07:00  INFO 30220 --- [demo] [    Test worker] o.s.t.web.servlet.TestDispatcherServlet  : Completed initialization in 0 ms
2026-07-08T00:20:58.857+07:00  INFO 30220 --- [demo] [    Test worker] o.s.mock.web.MockServletContext          : Initializing Spring TestDispatcherServlet ''
2026-07-08T00:20:58.857+07:00  INFO 30220 --- [demo] [    Test worker] o.s.t.web.servlet.TestDispatcherServlet  : Initializing Servlet ''
2026-07-08T00:20:58.857+07:00  INFO 30220 --- [demo] [    Test worker] o.s.t.web.servlet.TestDispatcherServlet  : Completed initialization in 0 ms
2026-07-08T00:20:58.860+07:00  INFO 30220 --- [demo] [    Test worker] o.s.mock.web.MockServletContext          : Initializing Spring TestDispatcherServlet ''
2026-07-08T00:20:58.860+07:00  INFO 30220 --- [demo] [    Test worker] o.s.t.web.servlet.TestDispatcherServlet  : Initializing Servlet ''
2026-07-08T00:20:58.860+07:00  INFO 30220 --- [demo] [    Test worker] o.s.t.web.servlet.TestDispatcherServlet  : Completed initialization in 0 ms
2026-07-08T00:20:58.862+07:00  INFO 30220 --- [demo] [    Test worker] o.s.mock.web.MockServletContext          : Initializing Spring TestDispatcherServlet ''
2026-07-08T00:20:58.862+07:00  INFO 30220 --- [demo] [    Test worker] o.s.t.web.servlet.TestDispatcherServlet  : Initializing Servlet ''
2026-07-08T00:20:58.862+07:00  INFO 30220 --- [demo] [    Test worker] o.s.t.web.servlet.TestDispatcherServlet  : Completed initialization in 0 ms
Hibernate: 
    select
        c1_0.id,
        c1_0.instructor_id,
        c1_0.status,
        c1_0.title 
    from
        courses c1_0
Hibernate: 
    select
        i1_0.id,
        i1_0.email,
        i1_0.name 
    from
        instructors i1_0 
    where
        i1_0.id=?
Hibernate: 
    select
        i1_0.id,
        i1_0.email,
        i1_0.name 
    from
        instructors i1_0 
    where
        i1_0.id=?
Hibernate: 
    select
        c1_0.id,
        c1_0.instructor_id,
        i1_0.id,
        i1_0.email,
        i1_0.name,
        c1_0.status,
        c1_0.title 
    from
        courses c1_0 
    join
        instructors i1_0 
            on i1_0.id=c1_0.instructor_id 
    where
        c1_0.id=?
Hibernate: 
    select
        c1_0.id,
        c1_0.instructor_id,
        i1_0.id,
        i1_0.email,
        i1_0.name,
        c1_0.status,
        c1_0.title 
    from
        courses c1_0 
    join
        instructors i1_0 
            on i1_0.id=c1_0.instructor_id 
    where
        c1_0.id=?
Hibernate: 
    select
        i1_0.id,
        i1_0.email,
        i1_0.name 
    from
        instructors i1_0 
    where
        i1_0.id=?
Hibernate: 
    insert 
    into
        courses
        (instructor_id, status, title) 
    values
        (?, ?, ?)
]]></system-out>
  <system-err><![CDATA[Mockito is currently self-attaching to enable the inline-mock-maker. This will no longer work in future releases of the JDK. Please add Mockito as an agent to your build as described in Mockito's documentation: https://javadoc.io/doc/org.mockito/mockito-core/latest/org.mockito/org/mockito/Mockito.html#0.3
WARNING: A Java agent has been loaded dynamically (C:\Users\vanan\.gradle\caches\modules-2\files-2.1\net.bytebuddy\byte-buddy-agent\1.18.10\9426d28828bdcdf42666bb7a68c468279ea78f59\byte-buddy-agent-1.18.10.jar)
WARNING: If a serviceability tool is in use, please run with -XX:+EnableDynamicAgentLoading to hide this warning
WARNING: If a serviceability tool is not in use, please run with -Djdk.instrument.traceUsage for more information
WARNING: Dynamic loading of agents will be disallowed by default in a future release
]]></system-err>
</testsuite>
